
2022/08/29 (19:42:07) | ===> btop++ v.1.2.9
2022/08/29 (19:42:07) | ERROR: Invalid RGB decimal value: "ba1a84"
2022/08/29 (19:44:08) | ERROR: Invalid RGB decimal value: "ba1a84"
2022/08/29 (19:44:27) | ERROR: Invalid RGB decimal value: "ba1a84"

2022/10/04 (15:26:14) | ===> btop++ v.1.2.9
2022/10/04 (15:26:14) | ERROR: Stall in Runner thread, restarting!

2022/10/12 (14:57:34) | ===> btop++ v.1.2.12
2022/10/12 (14:57:34) | ERROR: No tty detected!
btop++ needs an interactive shell to run.

2022/10/12 (15:18:19) | ===> btop++ v.1.2.12
2022/10/12 (15:18:19) | ERROR: No tty detected!
btop++ needs an interactive shell to run.

2022/10/12 (15:24:33) | ===> btop++ v.1.2.12
2022/10/12 (15:24:33) | ERROR: No tty detected!
btop++ needs an interactive shell to run.

2022/10/13 (14:36:21) | ===> btop++ v.1.2.12
2022/10/13 (14:36:21) | ERROR: No tty detected!
btop++ needs an interactive shell to run.

2022/10/13 (14:53:03) | ===> btop++ v.1.2.12
2022/10/13 (14:53:03) | ERROR: No tty detected!
btop++ needs an interactive shell to run.

2022/10/13 (14:54:56) | ===> btop++ v.1.2.12
2022/10/13 (14:54:56) | ERROR: No tty detected!
btop++ needs an interactive shell to run.

2022/10/17 (08:53:14) | ===> btop++ v.1.2.12
2022/10/17 (08:53:14) | ERROR: No tty detected!
btop++ needs an interactive shell to run.

2022/10/17 (09:11:48) | ===> btop++ v.1.2.12
2022/10/17 (09:11:48) | ERROR: No tty detected!
btop++ needs an interactive shell to run.

2022/10/17 (15:54:02) | ===> btop++ v.1.2.12
2022/10/17 (15:54:02) | ERROR: No tty detected!
btop++ needs an interactive shell to run.

2022/10/17 (15:58:14) | ===> btop++ v.1.2.12
2022/10/17 (15:58:14) | INFO: Logger set to INFO
2022/10/17 (15:58:15) | INFO: Logger set to DEBUG
2022/10/17 (15:58:16) | INFO: Logger set to INFO

2022/10/17 (17:41:54) | ===> btop++ v.1.2.12
2022/10/17 (17:41:54) | ERROR: No tty detected!
btop++ needs an interactive shell to run.

2022/10/18 (06:46:15) | ===> btop++ v.1.2.12
2022/10/18 (06:46:15) | ERROR: No tty detected!
btop++ needs an interactive shell to run.

2022/10/19 (22:18:42) | ===> btop++ v.1.2.12
2022/10/19 (22:18:42) | ERROR: Stall in Runner thread, restarting!
2022/10/19 (22:18:52) | ERROR: Stall in Runner thread, restarting!
2022/10/19 (22:19:21) | ERROR: Stall in Runner thread, restarting!
2022/10/19 (22:21:01) | ERROR: Stall in Runner thread, restarting!
2022/10/19 (22:21:35) | ERROR: Stall in Runner thread, restarting!
2022/10/19 (22:21:42) | ERROR: Stall in Runner thread, restarting!
2022/10/19 (22:21:50) | ERROR: Stall in Runner thread, restarting!
2022/10/19 (22:27:46) | ERROR: Stall in Runner thread, restarting!
2022/10/19 (22:28:16) | ERROR: Stall in Runner thread, restarting!
2022/10/19 (22:29:52) | ERROR: Stall in Runner thread, restarting!
2022/10/19 (22:30:34) | ERROR: Stall in Runner thread, restarting!
2022/10/19 (22:31:18) | ERROR: Stall in Runner thread, restarting!

2022/10/19 (22:32:44) | ===> btop++ v.1.2.12
2022/10/19 (22:32:44) | ERROR: No tty detected!
btop++ needs an interactive shell to run.

2022/10/19 (23:27:40) | ===> btop++ v.1.2.12
2022/10/19 (23:27:40) | ERROR: No tty detected!
btop++ needs an interactive shell to run.

2022/10/20 (11:07:55) | ===> btop++ v.1.2.12
2022/10/20 (11:07:55) | ERROR: No tty detected!
btop++ needs an interactive shell to run.

2022/10/25 (12:50:41) | ===> btop++ v.1.2.12
2022/10/25 (12:50:41) | ERROR: No tty detected!
btop++ needs an interactive shell to run.

2022/10/25 (13:15:00) | ===> btop++ v.1.2.12
2022/10/25 (13:15:00) | ERROR: No tty detected!
btop++ needs an interactive shell to run.

2022/10/25 (15:14:21) | ===> btop++ v.1.2.12
2022/10/25 (15:14:21) | ERROR: No tty detected!
btop++ needs an interactive shell to run.

2022/10/25 (15:15:19) | ===> btop++ v.1.2.12
2022/10/25 (15:15:19) | ERROR: No tty detected!
btop++ needs an interactive shell to run.

2022/10/25 (15:16:09) | ===> btop++ v.1.2.12
2022/10/25 (15:16:09) | ERROR: No tty detected!
btop++ needs an interactive shell to run.

2022/10/25 (15:26:09) | ===> btop++ v.1.2.12
2022/10/25 (15:26:09) | ERROR: No tty detected!
btop++ needs an interactive shell to run.

2022/10/25 (15:29:27) | ===> btop++ v.1.2.12
2022/10/25 (15:29:27) | ERROR: No tty detected!
btop++ needs an interactive shell to run.

2022/10/25 (15:31:14) | ===> btop++ v.1.2.12
2022/10/25 (15:31:14) | ERROR: No tty detected!
btop++ needs an interactive shell to run.

2022/10/25 (15:35:42) | ===> btop++ v.1.2.12
2022/10/25 (15:35:42) | ERROR: No tty detected!
btop++ needs an interactive shell to run.

2022/10/25 (15:38:02) | ===> btop++ v.1.2.12
2022/10/25 (15:38:02) | ERROR: No tty detected!
btop++ needs an interactive shell to run.

2022/10/25 (15:42:12) | ===> btop++ v.1.2.12
2022/10/25 (15:42:12) | ERROR: No tty detected!
btop++ needs an interactive shell to run.

2022/10/25 (15:45:57) | ===> btop++ v.1.2.12
2022/10/25 (15:45:57) | ERROR: No tty detected!
btop++ needs an interactive shell to run.

2022/10/25 (15:47:49) | ===> btop++ v.1.2.12
2022/10/25 (15:47:49) | ERROR: No tty detected!
btop++ needs an interactive shell to run.

2022/10/25 (15:49:54) | ===> btop++ v.1.2.12
2022/10/25 (15:49:54) | ERROR: No tty detected!
btop++ needs an interactive shell to run.

2022/10/25 (15:51:57) | ===> btop++ v.1.2.12
2022/10/25 (15:51:57) | ERROR: No tty detected!
btop++ needs an interactive shell to run.

2022/10/25 (15:59:13) | ===> btop++ v.1.2.12
2022/10/25 (15:59:13) | ERROR: No tty detected!
btop++ needs an interactive shell to run.

2022/10/25 (16:02:15) | ===> btop++ v.1.2.12
2022/10/25 (16:02:15) | ERROR: No tty detected!
btop++ needs an interactive shell to run.

2022/10/27 (10:24:07) | ===> btop++ v.1.2.12
2022/10/27 (10:24:07) | ERROR: No tty detected!
btop++ needs an interactive shell to run.

2022/10/27 (16:11:26) | ===> btop++ v.1.2.12
2022/10/27 (16:11:26) | ERROR: No tty detected!
btop++ needs an interactive shell to run.

2022/11/03 (18:38:41) | ===> btop++ v.1.2.12
2022/11/03 (18:38:41) | ERROR: No tty detected!
btop++ needs an interactive shell to run.

2022/11/03 (19:27:28) | ===> btop++ v.1.2.12
2022/11/03 (19:27:28) | ERROR: No tty detected!
btop++ needs an interactive shell to run.

2022/11/03 (19:53:46) | ===> btop++ v.1.2.12
2022/11/03 (19:53:46) | ERROR: No tty detected!
btop++ needs an interactive shell to run.

2022/11/04 (13:18:43) | ===> btop++ v.1.2.12
2022/11/04 (13:18:43) | ERROR: No tty detected!
btop++ needs an interactive shell to run.

2022/11/04 (14:57:50) | ===> btop++ v.1.2.12
2022/11/04 (14:57:50) | ERROR: No tty detected!
btop++ needs an interactive shell to run.

2022/11/04 (21:23:44) | ===> btop++ v.1.2.12
2022/11/04 (21:23:44) | ERROR: No tty detected!
btop++ needs an interactive shell to run.

2022/11/11 (17:21:16) | ===> btop++ v.1.2.12
2022/11/11 (17:21:16) | ERROR: No tty detected!
btop++ needs an interactive shell to run.

2022/11/16 (17:51:25) | ===> btop++ v.1.2.13
2022/11/16 (17:51:25) | ERROR: No tty detected!
btop++ needs an interactive shell to run.

2022/12/08 (20:58:52) | ===> btop++ v.1.2.13
2022/12/08 (20:58:52) | ERROR: No tty detected!
btop++ needs an interactive shell to run.

2022/12/09 (17:30:19) | ===> btop++ v.1.2.13
2022/12/09 (17:30:19) | ERROR: No tty detected!
btop++ needs an interactive shell to run.

2022/12/12 (22:14:03) | ===> btop++ v.1.2.13
2022/12/12 (22:14:03) | ERROR: No tty detected!
btop++ needs an interactive shell to run.

2022/12/12 (22:49:16) | ===> btop++ v.1.2.13
2022/12/12 (22:49:16) | ERROR: No tty detected!
btop++ needs an interactive shell to run.

2022/12/25 (15:26:16) | ===> btop++ v.1.2.13
2022/12/25 (15:26:16) | ERROR: No tty detected!
btop++ needs an interactive shell to run.

2022/12/25 (18:32:48) | ===> btop++ v.1.2.13
2022/12/25 (18:32:48) | ERROR: No tty detected!
btop++ needs an interactive shell to run.

2023/01/27 (20:24:17) | ===> btop++ v.1.2.13
2023/01/27 (20:24:17) | ERROR: No tty detected!
btop++ needs an interactive shell to run.

2023/01/31 (09:39:17) | ===> btop++ v.1.2.13
2023/01/31 (09:39:17) | ERROR: No tty detected!
btop++ needs an interactive shell to run.

2023/02/03 (11:05:04) | ===> btop++ v.1.2.13
2023/02/03 (11:05:04) | ERROR: No tty detected!
btop++ needs an interactive shell to run.

2023/02/05 (23:06:22) | ===> btop++ v.1.2.13
2023/02/05 (23:06:22) | ERROR: No tty detected!
btop++ needs an interactive shell to run.

2023/04/18 (09:48:59) | ===> btop++ v.1.2.13
2023/04/18 (09:48:59) | ERROR: No tty detected!
btop++ needs an interactive shell to run.

2023/04/18 (09:52:03) | ===> btop++ v.1.2.13
2023/04/18 (09:52:03) | ERROR: No tty detected!
btop++ needs an interactive shell to run.

2023/04/18 (11:08:48) | ===> btop++ v.1.2.13
2023/04/18 (11:08:48) | ERROR: No tty detected!
btop++ needs an interactive shell to run.

2023/04/19 (11:22:00) | ===> btop++ v.1.2.13
2023/04/19 (11:22:00) | ERROR: No tty detected!
btop++ needs an interactive shell to run.

2023/04/19 (13:37:11) | ===> btop++ v.1.2.13
2023/04/19 (13:37:11) | ERROR: No tty detected!
btop++ needs an interactive shell to run.

2023/04/19 (17:02:44) | ===> btop++ v.1.2.13
2023/04/19 (17:02:44) | ERROR: No tty detected!
btop++ needs an interactive shell to run.

2023/04/20 (09:37:20) | ===> btop++ v.1.2.13
2023/04/20 (09:37:20) | ERROR: No tty detected!
btop++ needs an interactive shell to run.

2023/04/20 (14:29:24) | ===> btop++ v.1.2.13
2023/04/20 (14:29:24) | ERROR: No tty detected!
btop++ needs an interactive shell to run.

2023/04/20 (15:06:44) | ===> btop++ v.1.2.13
2023/04/20 (15:06:44) | ERROR: No tty detected!
btop++ needs an interactive shell to run.

2023/04/20 (15:12:17) | ===> btop++ v.1.2.13
2023/04/20 (15:12:17) | ERROR: No tty detected!
btop++ needs an interactive shell to run.

2023/04/20 (20:48:14) | ===> btop++ v.1.2.13
2023/04/20 (20:48:14) | ERROR: No tty detected!
btop++ needs an interactive shell to run.

2023/04/21 (12:21:46) | ===> btop++ v.1.2.13
2023/04/21 (12:21:46) | ERROR: No tty detected!
btop++ needs an interactive shell to run.

2023/04/21 (15:17:33) | ===> btop++ v.1.2.13
2023/04/21 (15:17:33) | ERROR: No tty detected!
btop++ needs an interactive shell to run.

2023/04/26 (18:20:08) | ===> btop++ v.1.2.13
2023/04/26 (18:20:08) | ERROR: No tty detected!
btop++ needs an interactive shell to run.

2023/05/05 (10:30:52) | ===> btop++ v.1.2.13
2023/05/05 (10:30:52) | ERROR: No tty detected!
btop++ needs an interactive shell to run.

2023/05/05 (11:11:12) | ===> btop++ v.1.2.13
2023/05/05 (11:11:12) | ERROR: No tty detected!
btop++ needs an interactive shell to run.

2023/05/05 (11:43:24) | ===> btop++ v.1.2.13
2023/05/05 (11:43:24) | ERROR: No tty detected!
btop++ needs an interactive shell to run.

2023/05/05 (13:16:26) | ===> btop++ v.1.2.13
2023/05/05 (13:16:26) | ERROR: Stall in Runner thread, restarting!

2023/05/05 (13:18:13) | ===> btop++ v.1.2.13
2023/05/05 (13:18:13) | ERROR: No tty detected!
btop++ needs an interactive shell to run.

2023/05/05 (13:21:07) | ===> btop++ v.1.2.13
2023/05/05 (13:21:07) | ERROR: No tty detected!
btop++ needs an interactive shell to run.

2023/05/05 (13:27:47) | ===> btop++ v.1.2.13
2023/05/05 (13:27:47) | ERROR: No tty detected!
btop++ needs an interactive shell to run.

2023/05/05 (13:46:56) | ===> btop++ v.1.2.13
2023/05/05 (13:46:56) | ERROR: No tty detected!
btop++ needs an interactive shell to run.

2023/05/05 (13:50:40) | ===> btop++ v.1.2.13
2023/05/05 (13:50:40) | ERROR: No tty detected!
btop++ needs an interactive shell to run.

2023/05/05 (14:18:23) | ===> btop++ v.1.2.13
2023/05/05 (14:18:23) | ERROR: No tty detected!
btop++ needs an interactive shell to run.

2023/05/05 (14:40:46) | ===> btop++ v.1.2.13
2023/05/05 (14:40:46) | ERROR: No tty detected!
btop++ needs an interactive shell to run.

2023/05/05 (15:42:29) | ===> btop++ v.1.2.13
2023/05/05 (15:42:29) | ERROR: No tty detected!
btop++ needs an interactive shell to run.

2023/05/05 (15:48:43) | ===> btop++ v.1.2.13
2023/05/05 (15:48:43) | ERROR: No tty detected!
btop++ needs an interactive shell to run.

2023/05/05 (16:04:51) | ===> btop++ v.1.2.13
2023/05/05 (16:04:51) | ERROR: No tty detected!
btop++ needs an interactive shell to run.

2023/05/05 (18:47:30) | ===> btop++ v.1.2.13
2023/05/05 (18:47:30) | ERROR: No tty detected!
btop++ needs an interactive shell to run.

2023/05/05 (19:29:54) | ===> btop++ v.1.2.13
2023/05/05 (19:29:54) | ERROR: No tty detected!
btop++ needs an interactive shell to run.

2023/05/06 (16:11:41) | ===> btop++ v.1.2.13
2023/05/06 (16:11:41) | ERROR: No tty detected!
btop++ needs an interactive shell to run.

2023/05/07 (18:16:39) | ===> btop++ v.1.2.13
2023/05/07 (18:16:39) | ERROR: No tty detected!
btop++ needs an interactive shell to run.

2023/05/07 (18:47:25) | ===> btop++ v.1.2.13
2023/05/07 (18:47:25) | ERROR: No tty detected!
btop++ needs an interactive shell to run.

2023/05/07 (19:12:30) | ===> btop++ v.1.2.13
2023/05/07 (19:12:30) | ERROR: No tty detected!
btop++ needs an interactive shell to run.

2023/05/08 (12:37:08) | ===> btop++ v.1.2.13
2023/05/08 (12:37:08) | ERROR: No tty detected!
btop++ needs an interactive shell to run.

2023/05/08 (13:33:53) | ===> btop++ v.1.2.13
2023/05/08 (13:33:53) | ERROR: No tty detected!
btop++ needs an interactive shell to run.

2023/05/08 (13:59:40) | ===> btop++ v.1.2.13
2023/05/08 (13:59:40) | ERROR: No tty detected!
btop++ needs an interactive shell to run.

2023/05/08 (14:23:58) | ===> btop++ v.1.2.13
2023/05/08 (14:23:58) | ERROR: No tty detected!
btop++ needs an interactive shell to run.

2023/05/08 (16:03:43) | ===> btop++ v.1.2.13
2023/05/08 (16:03:43) | ERROR: No tty detected!
btop++ needs an interactive shell to run.

2023/05/08 (18:07:55) | ===> btop++ v.1.2.13
2023/05/08 (18:07:55) | ERROR: No tty detected!
btop++ needs an interactive shell to run.

2023/05/08 (18:42:44) | ===> btop++ v.1.2.13
2023/05/08 (18:42:44) | ERROR: No tty detected!
btop++ needs an interactive shell to run.

2023/05/08 (19:25:02) | ===> btop++ v.1.2.13
2023/05/08 (19:25:02) | ERROR: No tty detected!
btop++ needs an interactive shell to run.

2023/05/08 (19:46:59) | ===> btop++ v.1.2.13
2023/05/08 (19:46:59) | ERROR: No tty detected!
btop++ needs an interactive shell to run.

2023/05/08 (20:31:02) | ===> btop++ v.1.2.13
2023/05/08 (20:31:02) | ERROR: No tty detected!
btop++ needs an interactive shell to run.

2023/05/08 (20:35:52) | ===> btop++ v.1.2.13
2023/05/08 (20:35:52) | ERROR: No tty detected!
btop++ needs an interactive shell to run.

2023/05/09 (10:25:01) | ===> btop++ v.1.2.13
2023/05/09 (10:25:01) | ERROR: No tty detected!
btop++ needs an interactive shell to run.

2023/05/16 (12:21:05) | ===> btop++ v.1.2.13
2023/05/16 (12:21:05) | ERROR: No tty detected!
btop++ needs an interactive shell to run.

2023/05/16 (12:23:26) | ===> btop++ v.1.2.13
2023/05/16 (12:23:26) | ERROR: No tty detected!
btop++ needs an interactive shell to run.

2023/05/16 (12:30:18) | ===> btop++ v.1.2.13
2023/05/16 (12:30:18) | ERROR: No tty detected!
btop++ needs an interactive shell to run.

2023/05/16 (12:42:39) | ===> btop++ v.1.2.13
2023/05/16 (12:42:39) | ERROR: No tty detected!
btop++ needs an interactive shell to run.

2023/05/16 (12:49:12) | ===> btop++ v.1.2.13
2023/05/16 (12:49:12) | ERROR: No tty detected!
btop++ needs an interactive shell to run.

2023/05/17 (01:09:19) | ===> btop++ v.1.2.13
2023/05/17 (01:09:19) | ERROR: Stall in Runner thread, restarting!
2023/05/17 (15:49:36) | ERROR: Runner thread died unexpectedly!

2023/05/19 (17:01:58) | ===> btop++ v.1.2.13
2023/05/19 (17:01:59) | ERROR: Stall in Runner thread, restarting!
